Seed 	 Nb Nodes 	 Nb altruists 	 Nb pairs 	 Nb arcs 	 Nb arcs PRA80 	 Nb Cycles 	Nb Chains 	 Nb Cycles and Chains 	Max node fail 	 Max arc fail 	 Max arc PRA80 fail 	Node weight PRA0_80 	 Node weigt PRA80_100 	L Cycle 	 L Chain 	 Obj value 	 First stage obj value 	Matching ub 	Nb matches det 	 Nb matches RE 	 Nb PRA80 det 	 Nb PRA80 RE 	Nb transplants det 	 Nb transplants recourse 	 Nb transplants PRA80 det 	 Nb transplants PRA80 recourse 	Total time 	 Scenarios generated 	 Solution values and adversary values
0	20	1	19	72	2	6	23	29	1	0	0	1	1	3	5	6	3	0	0	0	0	0	0	0	0	0	0	0	0	
1	20	1	19	70	1	13	0	13	1	0	0	1	1	3	5	7	2	1	0	0	0	0	0	0	0	0	0	0	0	
2	20	1	19	82	5	37	1	38	1	0	0	1	1	3	5	10	0	3	0	1	0	0	0	0	0	0	0	0	0	
3	20	2	18	106	3	13	376	389	1	0	0	1	1	3	5	8	1	0	0	0	1	0	0	0	0	0	0	0	0	
4	20	0	20	127	0	113	0	113	1	0	0	1	1	3	5	12	6	0	0	0	0	0	0	0	0	0	0	0	0	
5	20	0	20	45	0	19	0	19	1	0	0	1	1	3	5	3	0	1	0	0	0	0	0	0	0	0	0	0	0	
6	20	0	20	73	1	16	0	16	1	0	0	1	1	3	5	7	2	1	0	0	0	0	0	0	0	0	0	0	0	
7	20	1	19	106	1	33	114	147	1	0	0	1	1	3	5	9	0	2	0	0	0	1	0	0	0	0	0	0	0	
8	20	3	17	84	1	47	1533	1580	1	0	0	1	1	3	5	10	3	1	0	1	0	0	0	0	0	0	0	0	0	
9	20	0	20	101	1	64	0	64	1	0	0	1	1	3	5	10	2	2	0	0	0	0	0	0	0	0	0	0	0	
10	20	1	19	78	2	26	85	111	1	0	0	1	1	3	5	7	0	1	0	0	0	0	0	0	0	0	0	0	0	
11	20	1	19	139	3	64	1984	2048	1	0	0	1	1	3	5	12	1	2	0	0	0	0	0	0	0	0	0	0	0	
12	20	1	19	119	8	52	1743	1795	1	0	0	1	1	3	5	16	0	4	0	0	0	0	0	0	0	0	0	0	0	
13	20	0	20	106	8	20	0	20	1	0	0	1	1	3	5	12	3	2	0	0	0	0	0	0	0	0	0	0	0	
14	20	2	18	69	1	1	100	101	1	0	0	1	1	3	5	7	0	0	0	0	0	1	0	0	0	0	0	0	0	
15	20	1	19	84	1	0	8	8	1	0	0	1	1	3	5	2	0	0	0	0	1	0	0	0	0	0	0	0	0	
16	20	1	19	91	4	12	165	177	1	0	0	1	1	3	5	7	1	1	0	0	1	0	0	0	0	0	0	0	0	
17	20	1	19	47	2	0	0	0	1	0	0	1	1	3	5	0	0	0	0	0	0	0	0	0	0	0	0	0	0	
18	20	0	20	128	1	47	0	47	1	0	0	1	1	3	5	9	3	1	0	0	0	0	0	0	0	0	0	0	0	
19	20	0	20	79	1	0	0	0	1	0	0	1	1	3	5	0	0	0	0	0	0	0	0	0	0	0	0	0	0	
20	20	0	20	50	0	0	0	0	1	0	0	1	1	3	5	0	0	0	0	0	0	0	0	0	0	0	0	0	0	
21	20	0	20	117	7	53	0	53	1	0	0	1	1	3	5	11	4	1	0	0	0	0	0	0	0	0	0	0	0	
22	20	2	18	71	1	2	116	118	1	0	0	1	1	3	5	6	1	0	0	0	0	0	0	0	0	0	0	0	0	
23	20	0	20	122	5	28	0	28	1	0	0	1	1	3	5	10	2	2	0	0	0	0	0	0	0	0	0	0	0	
24	20	1	19	128	5	76	902	978	1	0	0	1	1	3	5	14	2	2	0	0	0	0	0	0	0	0	0	0	0	
25	20	0	20	41	0	2	0	2	1	0	0	1	1	3	5	2	1	0	0	0	0	0	0	0	0	0	0	0	0	
26	20	0	20	93	4	9	0	9	1	0	0	1	1	3	5	5	1	1	0	0	0	0	0	0	0	0	0	0	0	
27	20	0	20	87	1	29	0	29	1	0	0	1	1	3	5	8	1	2	0	0	0	0	0	0	0	0	0	0	0	
28	20	1	19	121	3	134	1498	1632	1	0	0	1	1	3	5	10	0	3	0	1	0	0	0	0	0	0	0	0	0	
29	20	0	20	76	6	7	0	7	1	0	0	1	1	3	5	7	2	1	0	0	0	0	0	0	0	0	0	0	0	
0	50	1	49	506	23	84	1411	1495	1	0	0	1	1	3	5	22	3	4	0	0	0	0	0	0	0	0	0	0	0	
1	50	2	48	558	15	246	24791	25037	1	0	0	1	1	3	5	25	4	3	0	0	0	0	0	0	0	0	0	0	0	
2	50	1	49	535	43	315	4440	4755	1	0	0	1	1	3	5	28	5	5	0	0	0	1	0	0	0	0	0	0	0	
3	50	3	47	743	26	400	45777	46177	1	0	0	1	1	3	5	36	4	8	0	0	0	0	0	0	0	0	0	0	0	
4	50	0	50	668	28	732	0	732	1	0	0	1	1	3	5	28	2	8	0	0	0	0	0	0	0	0	0	0	0	
5	50	2	48	412	1	226	23198	23424	1	0	0	1	1	3	5	15	2	1	0	0	0	0	0	0	0	0	0	0	0	
6	50	2	48	373	18	113	3231	3344	1	0	0	1	1	3	5	17	3	1	0	0	0	0	0	0	0	0	0	0	0	
7	50	1	49	671	16	561	9026	9587	1	0	0	1	1	3	5	30	4	6	0	0	0	0	0	0	0	0	0	0	0	
8	50	6	44	557	14	287	75499	75786	1	0	0	1	1	3	5	27	3	3	0	0	2	0	0	0	0	0	0	0	0	
9	50	2	48	675	17	1007	126259	127266	1	0	0	1	1	3	5	31	4	5	0	0	0	0	0	0	0	0	0	0	0	
10	50	4	46	679	11	530	122904	123434	1	0	0	1	1	3	5	31	6	4	0	1	1	0	0	0	0	0	0	0	0	
11	50	1	49	769	16	484	62689	63173	1	0	0	1	1	3	5	32	7	5	0	0	0	1	0	0	0	0	0	0	0	
12	50	4	46	525	30	323	35907	36230	1	0	0	1	1	3	5	30	1	6	0	2	0	0	0	0	0	0	0	0	0	
13	50	0	50	658	18	389	0	389	1	0	0	1	1	3	5	30	3	8	0	0	0	0	0	0	0	0	0	0	0	
14	50	2	48	549	13	120	14138	14258	1	0	0	1	1	3	5	19	5	2	0	0	0	1	0	0	0	0	0	0	0	
15	50	2	48	667	29	504	53424	53928	1	0	0	1	1	3	5	28	1	7	0	1	0	0	0	0	0	0	0	0	0	
16	50	1	49	558	20	444	6566	7010	1	0	0	1	1	3	5	15	1	3	0	0	0	0	0	0	0	0	0	0	0	
17	50	2	48	487	20	200	7649	7849	1	0	0	1	1	3	5	21	3	3	0	0	0	2	0	0	0	0	0	0	0	
18	50	3	47	596	24	234	10432	10666	1	0	0	1	1	3	5	29	6	3	0	0	0	0	0	0	0	0	0	0	0	
19	50	2	48	502	15	210	21507	21717	1	0	0	1	1	3	5	17	3	1	0	0	0	0	0	0	0	0	0	0	0	
20	50	0	50	474	33	378	0	378	1	0	0	1	1	3	5	19	2	5	0	0	0	0	0	0	0	0	0	0	0	
21	50	3	47	524	29	282	31947	32229	1	0	0	1	1	3	5	24	2	3	0	0	0	1	0	0	0	0	0	0	0	
22	50	3	47	397	25	119	12668	12787	1	0	0	1	1	3	5	23	2	3	0	0	1	0	0	0	0	0	0	0	0	
23	50	1	49	660	23	503	9560	10063	1	0	0	1	1	3	5	32	5	6	0	0	0	0	0	0	0	0	0	0	0	
24	50	4	46	517	18	399	26775	27174	1	0	0	1	1	3	5	23	2	5	0	1	0	1	0	0	0	0	0	0	0	
25	50	1	49	571	23	477	39537	40014	1	0	0	1	1	3	5	26	4	5	0	0	0	1	0	0	0	0	0	0	0	
26	50	2	48	700	40	474	67339	67813	1	0	0	1	1	3	5	33	2	8	0	1	0	0	0	0	0	0	0	0	0	
27	50	2	48	658	12	398	69853	70251	1	0	0	1	1	3	5	25	4	3	0	0	0	0	0	0	0	0	0	0	0	
28	50	3	47	515	20	487	57082	57569	1	0	0	1	1	3	5	23	1	3	0	0	0	0	0	0	0	0	0	0	0	
29	50	1	49	580	17	481	34551	35032	1	0	0	1	1	3	5	26	3	6	0	0	1	0	0	0	0	0	0	0	0	
0	100	3	97	2016	56	1263	415257	416520	1	0	0	1	1	3	5	43	9	6	0	0	0	1	0	0	0	0	0	0	0	
1	100	6	94	2108	37	1185	1144552	1145737	1	0	0	1	1	3	5	47	7	5	0	0	0	2	0	0	0	0	0	0	0	
2	100	1	99	2132	66	2739	111945	114684	1	0	0	1	1	3	5	48	7	10	0	0	0	0	0	0	0	0	0	0	0	
3	100	7	93	2694	107	2042	1528644	1530686	1	0	0	1	1	3	5	65	9	9	0	1	2	1	0	0	0	0	0	0	0	
4	100	4	96	2365	127	2010	935073	937083	1	0	0	1	1	3	5	62	7	12	0	0	0	0	0	0	0	0	0	0	0	
5	100	3	97	2001	12	1563	677587	679150	1	0	0	1	1	3	5	39	6	5	0	0	0	0	0	0	0	0	0	0	0	
6	100	2	98	1662	83	741	49780	50521	1	0	0	1	1	3	5	38	7	6	0	0	1	0	0	0	0	0	0	0	0	
7	100	3	97	3108	74	7764	3235101	3242865	1	0	0	1	1	3	5	68	15	9	0	0	0	1	0	0	0	0	0	0	0	
8	100	6	94	2381	59	3799	2456639	2460438	1	0	0	1	1	3	5	57	13	7	0	2	1	2	0	0	0	0	0	0	0	
9	100	9	91	2839	35	6192	6930447	6936639	1	0	0	1	1	3	5	61	15	6	0	2	2	1	0	0	0	0	0	0	0	
10	100	5	95	2797	63	4217	2878692	2882909	1	0	0	1	1	3	5	63	8	11	0	2	0	0	0	0	0	0	0	0	0	
11	100	1	99	2783	49	2914	680436	683350	1	0	0	1	1	3	5	61	10	13	0	0	1	0	0	0	0	0	0	0	0	
12	100	5	95	2421	106	2524	1184510	1187034	1	0	0	1	1	3	5	66	8	12	0	2	0	0	0	0	0	0	0	0	0	
13	100	1	99	2605	92	4547	886289	890836	1	0	0	1	1	3	5	58	12	10	0	0	0	0	0	0	0	0	0	0	0	
14	100	5	95	2388	82	1478	1055222	1056700	1	0	0	1	1	3	5	50	6	9	0	0	0	1	0	0	0	0	0	0	0	
15	100	5	95	2438	132	1810	1098176	1099986	1	0	0	1	1	3	5	59	5	11	0	1	0	1	0	0	0	0	0	0	0	
16	100	3	97	2394	53	2727	826521	829248	1	0	0	1	1	3	5	49	7	9	0	1	0	1	0	0	0	0	0	0	0	
17	100	2	98	1851	71	1719	118522	120241	1	0	0	1	1	3	5	44	6	8	0	0	0	0	0	0	0	0	0	0	0	
18	100	6	94	2392	99	1271	1262551	1263822	1	0	0	1	1	3	5	61	6	11	0	2	1	0	0	0	0	0	0	0	0	
19	100	3	97	2403	70	4236	1248490	1252726	1	0	0	1	1	3	5	52	4	11	0	0	0	1	0	0	0	0	0	0	0	
20	100	3	97	2255	90	2917	1134941	1137858	1	0	0	1	1	3	5	54	9	9	0	1	0	0	0	0	0	0	0	0	0	
21	100	6	94	2176	91	2444	799806	802250	1	0	0	1	1	3	5	55	5	11	0	1	2	1	0	0	0	0	0	0	0	
22	100	6	94	1948	98	2396	1327392	1329788	1	0	0	1	1	3	5	56	11	7	0	3	1	0	0	0	0	0	0	0	0	
23	100	2	98	2391	77	3288	313185	316473	1	0	0	1	1	3	5	59	11	11	0	1	0	1	0	0	0	0	0	0	0	
24	100	5	95	2144	69	3309	1031586	1034895	1	0	0	1	1	3	5	49	12	5	0	2	0	0	0	0	0	0	0	0	0	
25	100	2	98	2298	73	3029	796797	799826	1	0	0	1	1	3	5	48	8	8	0	0	0	0	0	0	0	0	0	0	0	
26	100	4	96	2772	80	3454	1953320	1956774	1	0	0	1	1	3	5	62	10	10	0	0	1	2	0	0	0	0	0	0	0	
27	100	4	96	2208	51	2009	993213	995222	1	0	0	1	1	3	5	48	9	6	0	0	1	2	0	0	0	0	0	0	0	
28	100	4	96	2484	78	3887	1312427	1316314	1	0	0	1	1	3	5	64	10	11	0	1	1	0	0	0	0	0	0	0	0	
29	100	3	97	2562	78	3341	993256	996597	1	0	0	1	1	3	5	58	6	12	0	0	1	0	0	0	0	0	0	0	0	
